<?xml version="1.0" encoding="UTF-8"?>
<testsuite name="ServerTests" tests="2" skipped="0" failures="0" errors="0" timestamp="2021-09-18T16:24:01" hostname="LAPTOP-7SG9TS58" time="0.037">
  <properties/>
  <testcase name="test_multipleClientsGreetServer()" classname="ServerTests" time="0.034"/>
  <testcase name="test_clientGreetsServer()" classname="ServerTests" time="0.002"/>
  <system-out><![CDATA[Test 2
Test 1
]]></system-out>
  <system-err><![CDATA[]]></system-err>
</testsuite>
